#
# There is insufficient memory for the Java Runtime Environment to continue.
# Native memory allocation (malloc) failed to allocate 32744 bytes for ChunkPool::allocate
# Possible reasons:
#   The system is out of physical RAM or swap space
#   In 32 bit mode, the process size limit was hit
# Possible solutions:
#   Reduce memory load on the system
#   Increase physical memory or swap space
#   Check if swap backing store is full
#   Use 64 bit Java on a 64 bit OS
#   Decrease Java heap size (-Xmx/-Xms)
#   Decrease number of Java threads
#   Decrease Java thread stack sizes (-Xss)
#   Set larger code cache with -XX:ReservedCodeCacheSize=
# This output file may be truncated or incomplete.
#
#  Out of Memory Error (allocation.cpp:273), pid=1448, tid=0x00000000000023f4
#
# JRE version: OpenJDK Runtime Environment (8.0_152-b02) (build 1.8.0_152-release-1024-b02)
# Java VM: OpenJDK 64-Bit Server VM (25.152-b02 mixed mode windows-amd64 compressed oops)
# Failed to write core dump. Minidumps are not enabled by default on client versions of Windows
#

---------------  T H R E A D  ---------------

Current thread (0x0000000014a03800):  JavaThread "C2 CompilerThread0" daemon [_thread_in_native, id=9204, stack(0x0000000015940000,0x0000000015a40000)]

Stack: [0x0000000015940000,0x0000000015a40000]
[error occurred during error reporting (printing stack bounds), id 0xc0000005]

Native frames: (J=compiled Java code, j=interpreted, Vv=VM code, C=native code)


Current CompileTask:
C2: 477665 13879       4       com.android.tools.r8.code.BaseInstructionFactory::create (3362 bytes)


---------------  P R O C E S S  ---------------

Java Threads: ( => current thread )
  0x000000001a18d000 JavaThread "ForkJoinPool.commonPool-worker-0" daemon [_thread_blocked, id=7200, stack(0x0000000023400000,0x0000000023500000)]
  0x000000001a187000 JavaThread "ForkJoinPool-2-worker-0" daemon [_thread_blocked, id=2908, stack(0x0000000023300000,0x0000000023400000)]
  0x000000001a18b000 JavaThread "ForkJoinPool-2-worker-1" daemon [_thread_blocked, id=8736, stack(0x0000000023200000,0x0000000023300000)]
  0x000000001a188800 JavaThread "ForkJoinPool.commonPool-worker-1" daemon [_thread_in_Java, id=2208, stack(0x0000000022f00000,0x0000000023000000)]
  0x000000001a18a000 JavaThread "Cache worker for Java compile cache (D:\EricaNewsAppStage1\.gradle\4.4\javaCompile)" [_thread_blocked, id=11036, stack(0x0000000022e00000,0x0000000022f00000)]
  0x000000001a13e800 JavaThread "Task worker for ':'" [_thread_blocked, id=1032, stack(0x0000000021d30000,0x0000000021e30000)]
  0x000000001a144800 JavaThread "Cache worker for Build Output Cleanup Cache (D:\EricaNewsAppStage1\.gradle\buildOutputCleanup)" [_thread_blocked, id=4076, stack(0x0000000021c30000,0x0000000021d30000)]
  0x000000001a142800 JavaThread "Cache worker for task history cache (D:\EricaNewsAppStage1\.gradle\4.4\taskHistory)" [_thread_blocked, id=6140, stack(0x0000000021b30000,0x0000000021c30000)]
  0x000000001a141800 JavaThread "Cache worker for file content cache (D:\EricaNewsAppStage1\.gradle\4.4\fileContent)" [_thread_blocked, id=10312, stack(0x0000000021a30000,0x0000000021b30000)]
  0x000000001a144000 JavaThread "build operations Thread 2" [_thread_blocked, id=5356, stack(0x0000000021930000,0x0000000021a30000)]
  0x000000001a141000 JavaThread "build operations" [_thread_blocked, id=1080, stack(0x0000000021830000,0x0000000021930000)]
  0x000000001a143000 JavaThread "Cache worker for Artifact transforms cache (C:\Users\ladyg\.gradle\caches\transforms-1)" [_thread_blocked, id=10800, stack(0x0000000021730000,0x0000000021830000)]
  0x000000001a137000 JavaThread "Cache worker for file hash cache (D:\EricaNewsAppStage1\.gradle\4.4\fileHashes)" [_thread_blocked, id=6936, stack(0x0000000021630000,0x0000000021730000)]
  0x000000001a138000 JavaThread "Stdin handler" [_thread_blocked, id=10740, stack(0x0000000021530000,0x0000000021630000)]
  0x000000001a13e000 JavaThread "Asynchronous log dispatcher for DefaultDaemonConnection: socket connection from /127.0.0.1:52251 to /127.0.0.1:52318" [_thread_blocked, id=9784, stack(0x0000000021430000,0x0000000021530000)]
  0x000000001a136800 JavaThread "Daemon worker Thread 2" [_thread_blocked, id=11104, stack(0x0000000021330000,0x0000000021430000)]
  0x000000001a138800 JavaThread "Cancel handler" [_thread_blocked, id=5940, stack(0x0000000021230000,0x0000000021330000)]
  0x000000001a13c800 JavaThread "Handler for socket connection from /127.0.0.1:52251 to /127.0.0.1:52318" [_thread_in_native, id=6128, stack(0x0000000021130000,0x0000000021230000)]
  0x000000001a13b000 JavaThread "Daemon Thread 2" [_thread_blocked, id=9604, stack(0x0000000021030000,0x0000000021130000)]
  0x000000001a188000 JavaThread "Memory manager" [_thread_blocked, id=3572, stack(0x000000001d8c0000,0x000000001d9c0000)]
  0x00000000167f1800 JavaThread "File lock request listener" [_thread_in_native, id=2512, stack(0x0000000019c50000,0x0000000019d50000)]
  0x0000000015df7000 JavaThread "Cache worker for file hash cache (C:\Users\ladyg\.gradle\caches\4.4\fileHashes)" [_thread_blocked, id=3956, stack(0x0000000018b80000,0x0000000018c80000)]
  0x0000000016e51800 JavaThread "Daemon periodic checks" [_thread_blocked, id=2336, stack(0x0000000018080000,0x0000000018180000)]
  0x0000000016da5000 JavaThread "Incoming local TCP Connector on port 52251" [_thread_in_native, id=5392, stack(0x0000000017e50000,0x0000000017f50000)]
  0x0000000014a7c800 JavaThread "Service Thread" daemon [_thread_blocked, id=9396, stack(0x0000000015b40000,0x0000000015c40000)]
  0x0000000014a07800 JavaThread "C1 CompilerThread1" daemon [_thread_blocked, id=4068, stack(0x0000000015a40000,0x0000000015b40000)]
=>0x0000000014a03800 JavaThread "C2 CompilerThread0" daemon [_thread_in_native, id=9204, stack(0x0000000015940000,0x0000000015a40000)]
  0x0000000014a02800 JavaThread "Attach Listener" daemon [_thread_blocked, id=9936, stack(0x0000000015840000,0x0000000015940000)]
  0x0000000014a0f000 JavaThread "Signal Dispatcher" daemon [_thread_blocked, id=10224, stack(0x0000000015740000,0x0000000015840000)]
  0x00000000149ef000 JavaThread "Finalizer" daemon [_thread_blocked, id=4028, stack(0x0000000015640000,0x0000000015740000)]
  0x00000000149c4000 JavaThread "Reference Handler" daemon [_thread_blocked, id=7120, stack(0x0000000015540000,0x0000000015640000)]
  0x0000000002480800 JavaThread "main" [_thread_blocked, id=9856, stack(0x00000000022d0000,0x00000000023d0000)]

Other Threads:
  0x00000000149bd000 VMThread [stack: 0x0000000015440000,0x0000000015540000] [id=5776]
  0x0000000014a14800 WatcherThread [stack: 0x0000000015c40000,0x0000000015d40000] [id=92]

VM state:not at safepoint (normal execution)

VM Mutex/Monitor currently owned by a thread: None

Heap:
 PSYoungGen      total 246272K, used 87689K [0x00000000eab00000, 0x00000000fc780000, 0x0000000100000000)
  eden space 214528K, 37% used [0x00000000eab00000,0x00000000ef8a3ee8,0x00000000f7c80000)
  from space 31744K, 25% used [0x00000000fa880000,0x00000000fb07e8b0,0x00000000fc780000)
  to   space 38400K, 0% used [0x00000000f7c80000,0x00000000f7c80000,0x00000000fa200000)
 ParOldGen       total 151552K, used 48241K [0x00000000c0000000, 0x00000000c9400000, 0x00000000eab00000)
  object space 151552K, 31% used [0x00000000c0000000,0x00000000c2f1c430,0x00000000c9400000)
 Metaspace       used 76312K, capacity 79166K, committed 79320K, reserved 1118208K
  class space    used 9852K, capacity 10470K, committed 10496K, reserved 1048576K

Card table byte_map: [0x0000000011940000,0x0000000011b50000] byte_map_base: 0x0000000011340000

Marking Bits: (ParMarkBitMap*) 0x0000000059f54970
 Begin Bits: [0x0000000011eb0000, 0x0000000012eb0000)
 End Bits:   [0x0000000012eb0000, 0x0000000013eb0000)

Polling page: 0x0000000000870000

CodeCache: size=245760Kb used=36824Kb max_used=36824Kb free=208935Kb
 bounds [0x0000000002580000, 0x00000000049b0000, 0x0000000011580000]
 total_blobs=12390 nmethods=11554 adapters=748
 compilation: enabled

Compilation events (10 events):
Event: 477.406 Thread 0x0000000014a07800 13928       2       com.android.tools.r8.code.OrInt2Addr::collectIndexedItems (6 bytes)
Event: 477.406 Thread 0x0000000014a07800 nmethod 13928 0x00000000049a2f50 code [0x00000000049a30a0, 0x00000000049a31f0]
Event: 477.413 Thread 0x0000000014a07800 13929       2       com.android.tools.r8.graph.DexValue$DexValueMethod::collectIndexedItems (12 bytes)
Event: 477.414 Thread 0x0000000014a07800 nmethod 13929 0x00000000049a3290 code [0x00000000049a3400, 0x00000000049a35a8]
Event: 477.443 Thread 0x0000000014a07800 13930       2       com.android.tools.r8.code.SgetBoolean::collectIndexedItems (6 bytes)
Event: 477.444 Thread 0x0000000014a07800 nmethod 13930 0x00000000049a3690 code [0x00000000049a3800, 0x00000000049a3988]
Event: 477.464 Thread 0x0000000014a07800 13931       2       com.android.tools.r8.code.AndInt2Addr::collectIndexedItems (6 bytes)
Event: 477.464 Thread 0x0000000014a07800 nmethod 13931 0x00000000049a3a50 code [0x00000000049a3ba0, 0x00000000049a3cf0]
Event: 477.466 Thread 0x0000000014a07800 13932       2       com.android.tools.r8.code.NegInt::collectIndexedItems (6 bytes)
Event: 477.467 Thread 0x0000000014a07800 nmethod 13932 0x00000000049a3d90 code [0x00000000049a3ee0, 0x00000000049a4030]

GC Heap History (10 events):
Event: 125.340 GC heap before
{Heap before GC invocations=18 (full 3):
 PSYoungGen      total 169984K, used 169976K [0x00000000eab00000, 0x00000000f7c00000, 0x0000000100000000)
  eden space 151552K, 100% used [0x00000000eab00000,0x00000000f3f00000,0x00000000f3f00000)
  from space 18432K, 99% used [0x00000000f5880000,0x00000000f6a7e1f8,0x00000000f6a80000)
  to   space 26112K, 0% used [0x00000000f3f00000,0x00000000f3f00000,0x00000000f5880000)
 ParOldGen       total 100864K, used 44478K [0x00000000c0000000, 0x00000000c6280000, 0x00000000eab00000)
  object space 100864K, 44% used [0x00000000c0000000,0x00000000c2b6fad8,0x00000000c6280000)
 Metaspace       used 70622K, capacity 73288K, committed 73432K, reserved 1112064K
  class space    used 9331K, capacity 9919K, committed 9984K, reserved 1048576K
Event: 125.550 GC heap after
Heap after GC invocations=18 (full 3):
 PSYoungGen      total 177664K, used 26105K [0x00000000eab00000, 0x00000000fb080000, 0x0000000100000000)
  eden space 151552K, 0% used [0x00000000eab00000,0x00000000eab00000,0x00000000f3f00000)
  from space 26112K, 99% used [0x00000000f3f00000,0x00000000f587e638,0x00000000f5880000)
  to   space 40960K, 0% used [0x00000000f8880000,0x00000000f8880000,0x00000000fb080000)
 ParOldGen       total 100864K, used 73383K [0x00000000c0000000, 0x00000000c6280000, 0x00000000eab00000)
  object space 100864K, 72% used [0x00000000c0000000,0x00000000c47a9db8,0x00000000c6280000)
 Metaspace       used 70622K, capacity 73288K, committed 73432K, reserved 1112064K
  class space    used 9331K, capacity 9919K, committed 9984K, reserved 1048576K
}
Event: 130.045 GC heap before
{Heap before GC invocations=19 (full 3):
 PSYoungGen      total 177664K, used 177288K [0x00000000eab00000, 0x00000000fb080000, 0x0000000100000000)
  eden space 151552K, 99% used [0x00000000eab00000,0x00000000f3ea3c60,0x00000000f3f00000)
  from space 26112K, 99% used [0x00000000f3f00000,0x00000000f587e638,0x00000000f5880000)
  to   space 40960K, 0% used [0x00000000f8880000,0x00000000f8880000,0x00000000fb080000)
 ParOldGen       total 100864K, used 73383K [0x00000000c0000000, 0x00000000c6280000, 0x00000000eab00000)
  object space 100864K, 72% used [0x00000000c0000000,0x00000000c47a9db8,0x00000000c6280000)
 Metaspace       used 72560K, capacity 75412K, committed 75480K, reserved 1114112K
  class space    used 9566K, capacity 10177K, committed 10240K, reserved 1048576K
Event: 130.214 GC heap after
Heap after GC invocations=19 (full 3):
 PSYoungGen      total 227840K, used 18411K [0x00000000eab00000, 0x00000000fb700000, 0x0000000100000000)
  eden space 186880K, 0% used [0x00000000eab00000,0x00000000eab00000,0x00000000f6180000)
  from space 40960K, 44% used [0x00000000f8880000,0x00000000f9a7afc8,0x00000000fb080000)
  to   space 39936K, 0% used [0x00000000f6180000,0x00000000f6180000,0x00000000f8880000)
 ParOldGen       total 100864K, used 91479K [0x00000000c0000000, 0x00000000c6280000, 0x00000000eab00000)
  object space 100864K, 90% used [0x00000000c0000000,0x00000000c5955d80,0x00000000c6280000)
 Metaspace       used 72560K, capacity 75412K, committed 75480K, reserved 1114112K
  class space    used 9566K, capacity 10177K, committed 10240K, reserved 1048576K
}
Event: 130.215 GC heap before
{Heap before GC invocations=20 (full 4):
 PSYoungGen      total 227840K, used 18411K [0x00000000eab00000, 0x00000000fb700000, 0x0000000100000000)
  eden space 186880K, 0% used [0x00000000eab00000,0x00000000eab00000,0x00000000f6180000)
  from space 40960K, 44% used [0x00000000f8880000,0x00000000f9a7afc8,0x00000000fb080000)
  to   space 39936K, 0% used [0x00000000f6180000,0x00000000f6180000,0x00000000f8880000)
 ParOldGen       total 100864K, used 91479K [0x00000000c0000000, 0x00000000c6280000, 0x00000000eab00000)
  object space 100864K, 90% used [0x00000000c0000000,0x00000000c5955d80,0x00000000c6280000)
 Metaspace       used 72560K, capacity 75412K, committed 75480K, reserved 1114112K
  class space    used 9566K, capacity 10177K, committed 10240K, reserved 1048576K
Event: 130.644 GC heap after
Heap after GC invocations=20 (full 4):
 PSYoungGen      total 227840K, used 0K [0x00000000eab00000, 0x00000000fb700000, 0x0000000100000000)
  eden space 186880K, 0% used [0x00000000eab00000,0x00000000eab00000,0x00000000f6180000)
  from space 40960K, 0% used [0x00000000f8880000,0x00000000f8880000,0x00000000fb080000)
  to   space 39936K, 0% used [0x00000000f6180000,0x00000000f6180000,0x00000000f8880000)
 ParOldGen       total 151552K, used 48225K [0x00000000c0000000, 0x00000000c9400000, 0x00000000eab00000)
  object space 151552K, 31% used [0x00000000c0000000,0x00000000c2f18430,0x00000000c9400000)
 Metaspace       used 72134K, capacity 74658K, committed 75480K, reserved 1114112K
  class space    used 9484K, capacity 10034K, committed 10240K, reserved 1048576K
}
Event: 131.771 GC heap before
{Heap before GC invocations=21 (full 4):
 PSYoungGen      total 227840K, used 186880K [0x00000000eab00000, 0x00000000fb700000, 0x0000000100000000)
  eden space 186880K, 100% used [0x00000000eab00000,0x00000000f6180000,0x00000000f6180000)
  from space 40960K, 0% used [0x00000000f8880000,0x00000000f8880000,0x00000000fb080000)
  to   space 39936K, 0% used [0x00000000f6180000,0x00000000f6180000,0x00000000f8880000)
 ParOldGen       total 151552K, used 48225K [0x00000000c0000000, 0x00000000c9400000, 0x00000000eab00000)
  object space 151552K, 31% used [0x00000000c0000000,0x00000000c2f18430,0x00000000c9400000)
 Metaspace       used 72207K, capacity 74710K, committed 75480K, reserved 1114112K
  class space    used 9505K, capacity 10046K, committed 10240K, reserved 1048576K
Event: 131.779 GC heap after
Heap after GC invocations=21 (full 4):
 PSYoungGen      total 226816K, used 150K [0x00000000eab00000, 0x00000000fcf80000, 0x0000000100000000)
  eden space 186880K, 0% used [0x00000000eab00000,0x00000000eab00000,0x00000000f6180000)
  from space 39936K, 0% used [0x00000000f6180000,0x00000000f61a5890,0x00000000f8880000)
  to   space 39936K, 0% used [0x00000000fa880000,0x00000000fa880000,0x00000000fcf80000)
 ParOldGen       total 151552K, used 48233K [0x00000000c0000000, 0x00000000c9400000, 0x00000000eab00000)
  object space 151552K, 31% used [0x00000000c0000000,0x00000000c2f1a430,0x00000000c9400000)
 Metaspace       used 72207K, capacity 74710K, committed 75480K, reserved 1114112K
  class space    used 9505K, capacity 10046K, committed 10240K, reserved 1048576K
}
Event: 472.186 GC heap before
{Heap before GC invocations=22 (full 4):
 PSYoungGen      total 226816K, used 187030K [0x00000000eab00000, 0x00000000fcf80000, 0x0000000100000000)
  eden space 186880K, 100% used [0x00000000eab00000,0x00000000f6180000,0x00000000f6180000)
  from space 39936K, 0% used [0x00000000f6180000,0x00000000f61a5890,0x00000000f8880000)
  to   space 39936K, 0% used [0x00000000fa880000,0x00000000fa880000,0x00000000fcf80000)
 ParOldGen       total 151552K, used 48233K [0x00000000c0000000, 0x00000000c9400000, 0x00000000eab00000)
  object space 151552K, 31% used [0x00000000c0000000,0x00000000c2f1a430,0x00000000c9400000)
 Metaspace       used 76036K, capacity 78840K, committed 79064K, reserved 1118208K
  class space    used 9848K, capacity 10463K, committed 10496K, reserved 1048576K
Event: 472.224 GC heap after
Heap after GC invocations=22 (full 4):
 PSYoungGen      total 246272K, used 8186K [0x00000000eab00000, 0x00000000fc780000, 0x0000000100000000)
  eden space 214528K, 0% used [0x00000000eab00000,0x00000000eab00000,0x00000000f7c80000)
  from space 31744K, 25% used [0x00000000fa880000,0x00000000fb07e8b0,0x00000000fc780000)
  to   space 38400K, 0% used [0x00000000f7c80000,0x00000000f7c80000,0x00000000fa200000)
 ParOldGen       total 151552K, used 48241K [0x00000000c0000000, 0x00000000c9400000, 0x00000000eab00000)
  object space 151552K, 31% used [0x00000000c0000000,0x00000000c2f1c430,0x00000000c9400000)
 Metaspace       used 76036K, capacity 78840K, committed 79064K, reserved 1118208K
  class space    used 9848K, capacity 10463K, committed 10496K, reserved 1048576K
}

Deoptimization events (10 events):
Event: 474.362 Thread 0x000000001a18b800 Uncommon trap: reason=bimorphic action=maybe_recompile pc=0x00000000042728d4 method=java.util.stream.MatchOps$1MatchSink.accept(Ljava/lang/Object;)V @ 12
Event: 474.502 Thread 0x000000001a18b000 Uncommon trap: reason=bimorphic action=maybe_recompile pc=0x00000000042728d4 method=java.util.stream.MatchOps$1MatchSink.accept(Ljava/lang/Object;)V @ 12
Event: 474.578 Thread 0x000000001a18b800 Uncommon trap: reason=bimorphic action=maybe_recompile pc=0x00000000042728d4 method=java.util.stream.MatchOps$1MatchSink.accept(Ljava/lang/Object;)V @ 12
Event: 474.621 Thread 0x000000001a18b800 Uncommon trap: reason=bimorphic action=maybe_recompile pc=0x00000000042728d4 method=java.util.stream.MatchOps$1MatchSink.accept(Ljava/lang/Object;)V @ 12
Event: 474.634 Thread 0x000000001a18b000 Uncommon trap: reason=unstable_if action=reinterpret pc=0x00000000042a977c method=com.android.tools.r8.dex.FileWriter.sizeOfCodeItem(Lcom/android/tools/r8/graph/DexCode;)I @ 76
Event: 474.645 Thread 0x000000001a18b000 Uncommon trap: reason=bimorphic action=maybe_recompile pc=0x00000000043235ac method=com.android.tools.r8.it.unimi.dsi.fastutil.objects.Object2IntLinkedOpenHashMap.getInt(Ljava/lang/Object;)I @ 102
Event: 474.655 Thread 0x000000001a18b800 Uncommon trap: reason=bimorphic action=maybe_recompile pc=0x00000000043235ac method=com.android.tools.r8.it.unimi.dsi.fastutil.objects.Object2IntLinkedOpenHashMap.getInt(Ljava/lang/Object;)I @ 102
Event: 474.656 Thread 0x000000001a18b800 Uncommon trap: reason=bimorphic action=maybe_recompile pc=0x00000000043235ac method=com.android.tools.r8.it.unimi.dsi.fastutil.objects.Object2IntLinkedOpenHashMap.getInt(Ljava/lang/Object;)I @ 102
Event: 474.656 Thread 0x000000001a18b800 Uncommon trap: reason=bimorphic action=maybe_recompile pc=0x00000000043235ac method=com.android.tools.r8.it.unimi.dsi.fastutil.objects.Object2IntLinkedOpenHashMap.getInt(Ljava/lang/Object;)I @ 102
Event: 476.680 Thread 0x000000001a188800 Uncommon trap: reason=unstable_if action=reinterpret pc=0x000000000493921c method=java.util.concurrent.ForkJoinPool.tryCompensate(Ljava/util/concurrent/ForkJoinPool$WorkQueue;)Z @ 59

Classes redefined (0 events):
No events

Internal exceptions (10 events):
Event: 453.537 Thread 0x000000001a136800 Exception <a 'sun/nio/fs/WindowsException'> (0x00000000eff10360) thrown at [D:\src\AOSP-openjdk-cygwin\jdk8u\hotspot\src\share\vm\prims\jni.cpp, line 709]
Event: 453.537 Thread 0x000000001a136800 Exception <a 'sun/nio/fs/WindowsException'> (0x00000000eff10cf0) thrown at [D:\src\AOSP-openjdk-cygwin\jdk8u\hotspot\src\share\vm\prims\jni.cpp, line 709]
Event: 453.538 Thread 0x000000001a136800 Exception <a 'sun/nio/fs/WindowsException'> (0x00000000eff142c8) thrown at [D:\src\AOSP-openjdk-cygwin\jdk8u\hotspot\src\share\vm\prims\jni.cpp, line 709]
Event: 453.538 Thread 0x000000001a136800 Exception <a 'sun/nio/fs/WindowsException'> (0x00000000eff14c28) thrown at [D:\src\AOSP-openjdk-cygwin\jdk8u\hotspot\src\share\vm\prims\jni.cpp, line 709]
Event: 453.539 Thread 0x000000001a136800 Exception <a 'sun/nio/fs/WindowsException'> (0x00000000eff16790) thrown at [D:\src\AOSP-openjdk-cygwin\jdk8u\hotspot\src\share\vm\prims\jni.cpp, line 709]
Event: 453.539 Thread 0x000000001a136800 Exception <a 'sun/nio/fs/WindowsException'> (0x00000000eff17100) thrown at [D:\src\AOSP-openjdk-cygwin\jdk8u\hotspot\src\share\vm\prims\jni.cpp, line 709]
Event: 474.188 Thread 0x000000001a13e800 Exception <a 'sun/nio/fs/WindowsException'> (0x00000000eb47ca20) thrown at [D:\src\AOSP-openjdk-cygwin\jdk8u\hotspot\src\share\vm\prims\jni.cpp, line 709]
Event: 474.645 Thread 0x000000001a18b000 Exception <a 'sun/nio/fs/WindowsException'> (0x00000000eb89d2d0) thrown at [D:\src\AOSP-openjdk-cygwin\jdk8u\hotspot\src\share\vm\prims\jni.cpp, line 709]
Event: 474.656 Thread 0x000000001a18b800 Exception <a 'sun/nio/fs/WindowsException'> (0x00000000eba614b0) thrown at [D:\src\AOSP-openjdk-cygwin\jdk8u\hotspot\src\share\vm\prims\jni.cpp, line 709]
Event: 476.489 Thread 0x000000001a188800 Exception <a 'sun/nio/fs/WindowsException'> (0x00000000ebdd3388) thrown at [D:\src\AOSP-openjdk-cygwin\jdk8u\hotspot\src\share\vm\prims\jni.cpp, line 709]

Events (10 events):
Event: 476.957 Thread 0x000000001a18b000 DEOPT PACKING pc=0x00000000041cd979 sp=0x00000000232fec70
Event: 476.958 Thread 0x000000001a18b000 DEOPT UNPACKING pc=0x00000000025c71d0 sp=0x00000000232fea48 mode 0
Event: 476.986 Thread 0x000000001a18b000 DEOPT PACKING pc=0x00000000041ccec0 sp=0x00000000232feda0
Event: 476.986 Thread 0x000000001a18b000 DEOPT UNPACKING pc=0x00000000025c71d0 sp=0x00000000232feae0 mode 0
Event: 477.012 Thread 0x000000001a187000 DEOPT PACKING pc=0x00000000041e64f4 sp=0x00000000233ff0c0
Event: 477.012 Thread 0x000000001a187000 DEOPT UNPACKING pc=0x00000000025c71d0 sp=0x00000000233fedf0 mode 0
Event: 477.259 Thread 0x000000001a188800 DEOPT PACKING pc=0x00000000041f8313 sp=0x0000000022ffe2b0
Event: 477.259 Thread 0x000000001a188800 DEOPT UNPACKING pc=0x00000000025c71d0 sp=0x0000000022ffdfc8 mode 0
Event: 477.393 Thread 0x000000001a188800 DEOPT PACKING pc=0x0000000004203111 sp=0x0000000022ffe180
Event: 477.393 Thread 0x000000001a188800 DEOPT UNPACKING pc=0x00000000025c71d0 sp=0x0000000022ffdeb0 mode 0


Dynamic libraries:
0x00007ff6bf150000 - 0x00007ff6bf181000 	D:\Android Studio\jre\bin\java.exe
0x00007ffac3f40000 - 0x00007ffac411b000 	C:\windows\SYSTEM32\ntdll.dll
0x00007ffac3a40000 - 0x00007ffac3aee000 	C:\windows\System32\KERNEL32.DLL
0x00007ffac0610000 - 0x00007ffac085a000 	C:\windows\System32\KERNELBASE.dll
0x00007ffac3990000 - 0x00007ffac3a31000 	C:\windows\System32\ADVAPI32.dll
0x00007ffac32d0000 - 0x00007ffac336d000 	C:\windows\System32\msvcrt.dll
0x00007ffac3120000 - 0x00007ffac3179000 	C:\windows\System32\sechost.dll
0x00007ffac19c0000 - 0x00007ffac1ae5000 	C:\windows\System32\RPCRT4.dll
0x00007ffac1540000 - 0x00007ffac168a000 	C:\windows\System32\USER32.dll
0x00007ffac0460000 - 0x00007ffac047e000 	C:\windows\System32\win32u.dll
0x00007ffac1af0000 - 0x00007ffac1b17000 	C:\windows\System32\GDI32.dll
0x00007ffac0480000 - 0x00007ffac0608000 	C:\windows\System32\gdi32full.dll
0x00007ffac1110000 - 0x00007ffac11aa000 	C:\windows\System32\msvcp_win.dll
0x00007ffac1010000 - 0x00007ffac1106000 	C:\windows\System32\ucrtbase.dll
0x00007ffab5170000 - 0x00007ffab53d7000 	C:\windows\WinSxS\amd64_microsoft.windows.common-controls_6595b64144ccf1df_6.0.15063.1155_none_40c7922129a7722b\COMCTL32.dll
0x00007ffac3500000 - 0x00007ffac37f9000 	C:\windows\System32\combase.dll
0x00007ffac1430000 - 0x00007ffac149a000 	C:\windows\System32\bcryptPrimitives.dll
0x00007ffac1be0000 - 0x00007ffac1c0d000 	C:\windows\System32\IMM32.DLL
0x00000000595d0000 - 0x00000000596a2000 	D:\Android Studio\jre\jre\bin\msvcr100.dll
0x0000000059790000 - 0x0000000059fcf000 	D:\Android Studio\jre\jre\bin\server\jvm.dll
0x00007ffac3af0000 - 0x00007ffac3af8000 	C:\windows\System32\PSAPI.DLL
0x00007ffabb3a0000 - 0x00007ffabb3a9000 	C:\windows\SYSTEM32\WSOCK32.dll
0x00007ffac3870000 - 0x00007ffac38dc000 	C:\windows\System32\WS2_32.dll
0x00007ffabe8e0000 - 0x00007ffabe903000 	C:\windows\SYSTEM32\WINMM.dll
0x00007ffab1a40000 - 0x00007ffab1a4a000 	C:\windows\SYSTEM32\VERSION.dll
0x00007ffabe8b0000 - 0x00007ffabe8db000 	C:\windows\SYSTEM32\WINMMBASE.dll
0x00007ffac13e0000 - 0x00007ffac1429000 	C:\windows\System32\cfgmgr32.dll
0x00007ffabd3e0000 - 0x00007ffabd3ef000 	D:\Android Studio\jre\jre\bin\verify.dll
0x00007ffabd3b0000 - 0x00007ffabd3d9000 	D:\Android Studio\jre\jre\bin\java.dll
0x00007ffabd300000 - 0x00007ffabd316000 	D:\Android Studio\jre\jre\bin\zip.dll
0x00007ffac1c10000 - 0x00007ffac3048000 	C:\windows\System32\SHELL32.dll
0x00007ffac38e0000 - 0x00007ffac398a000 	C:\windows\System32\shcore.dll
0x00007ffac0910000 - 0x00007ffac1001000 	C:\windows\System32\windows.storage.dll
0x00007ffac30b0000 - 0x00007ffac3101000 	C:\windows\System32\shlwapi.dll
0x00007ffac0440000 - 0x00007ffac0451000 	C:\windows\System32\kernel.appcore.dll
0x00007ffac03d0000 - 0x00007ffac041c000 	C:\windows\System32\powrprof.dll
0x00007ffac03b0000 - 0x00007ffac03c5000 	C:\windows\System32\profapi.dll
0x00007ffab98c0000 - 0x00007ffab98da000 	D:\Android Studio\jre\jre\bin\net.dll
0x00007ffabfc60000 - 0x00007ffabfcbc000 	C:\windows\system32\mswsock.dll
0x00007ffab95b0000 - 0x00007ffab95c1000 	D:\Android Studio\jre\jre\bin\nio.dll
0x00007ffab94f0000 - 0x00007ffab950e000 	C:\Users\ladyg\.gradle\native\25\windows-amd64\native-platform.dll
0x00007ffabd390000 - 0x00007ffabd39d000 	D:\Android Studio\jre\jre\bin\management.dll
0x00007ffabfe00000 - 0x00007ffabfe17000 	C:\windows\SYSTEM32\CRYPTSP.dll
0x00007ffabf880000 - 0x00007ffabf8b4000 	C:\windows\system32\rsaenh.dll
0x00007ffac0280000 - 0x00007ffac02a5000 	C:\windows\SYSTEM32\bcrypt.dll
0x00007ffac02b0000 - 0x00007ffac02d9000 	C:\windows\SYSTEM32\USERENV.dll
0x00007ffabfe20000 - 0x00007ffabfe2b000 	C:\windows\SYSTEM32\CRYPTBASE.dll
0x00007ffabfa00000 - 0x00007ffabfa37000 	C:\windows\SYSTEM32\IPHLPAPI.DLL
0x00007ffac3800000 - 0x00007ffac3808000 	C:\windows\System32\NSI.dll
0x00007ffab2b80000 - 0x00007ffab2b96000 	C:\windows\SYSTEM32\dhcpcsvc6.DLL
0x00007ffab2cb0000 - 0x00007ffab2cca000 	C:\windows\SYSTEM32\dhcpcsvc.DLL

VM Arguments:
jvm_args: -Xmx1024m -Dfile.encoding=windows-1252 -Duser.country=US -Duser.language=en -Duser.variant 
java_command: org.gradle.launcher.daemon.bootstrap.GradleDaemon 4.4
java_class_path (initial): C:\Users\ladyg\.gradle\wrapper\dists\gradle-4.4-all\9br9xq1tocpiv8o6njlyu5op1\gradle-4.4\lib\gradle-launcher-4.4.jar
Launcher Type: SUN_STANDARD

Environment Variables:
PATH=C:\ProgramData\Oracle\Java\javapath;C:\Program Files (x86)\Intel\TXE Components\TCS\;C:\Program Files\Intel\TXE Components\TCS\;C:\windows\system32;C:\windows;C:\windows\System32\Wbem;C:\windows\System32\WindowsPowerShell\v1.0\;C:\Program Files\Intel\TXE Components\DAL\;C:\Program Files (x86)\Intel\TXE Components\DAL\;C:\Program Files\Intel\TXE Components\IPT\;C:\Program Files (x86)\Intel\TXE Components\IPT\;D:\Git\cmd;C:\Users\ladyg\AppData\Local\Microsoft\WindowsApps;
USERNAME=ladyg
OS=Windows_NT
PROCESSOR_IDENTIFIER=Intel64 Family 6 Model 76 Stepping 4, GenuineIntel



---------------  S Y S T E M  ---------------

OS: Windows 10.0 , 64 bit Build 15063 (10.0.15063.1058)

CPU:total 2 (initial active 2) (2 cores per cpu, 1 threads per core) family 6 model 76 stepping 4, cmov, cx8, fxsr, mmx, sse, sse2, sse3, ssse3, sse4.1, sse4.2, popcnt, aes, clmul, erms, 3dnowpref, tsc, tscinvbit

Memory: 4k page, physical 4097616k(261368k free), swap 5527120k(5120k free)

vm_info: OpenJDK 64-Bit Server VM (25.152-b02) for windows-amd64 JRE (1.8.0_152-release-1024-b02), built by "builder" with MS VC++ 10.0 (VS2010)

time: Tue Aug 14 19:18:18 2018
elapsed time: 477 seconds (0d 0h 7m 57s)

